{"/home/codeelisa/atlas-music-player/src/assets/placeholder.svg": {"path":"/home/codeelisa/atlas-music-player/src/assets/placeholder.svg","statementMap":{},"fnMap":{},"branchMap":{},"s":{},"f":{},"b":{},"meta":{"lastBranch":0,"lastFunction":0,"lastStatement":0,"seen":{}}}
,"/home/codeelisa/atlas-music-player/src/components/CoverArt.tsx": {"path":"/home/codeelisa/atlas-music-player/src/components/CoverArt.tsx","statementMap":{"0":{"start":{"line":9,"column":17},"end":{"line":22,"column":null}},"1":{"start":{"line":10,"column":4},"end":{"line":16,"column":null}},"2":{"start":{"line":11,"column":8},"end":{"line":14,"column":null}},"3":{"start":{"line":17,"column":4},"end":{"line":20,"column":null}}},"fnMap":{"0":{"name":"(anonymous_0)","decl":{"start":{"line":9,"column":17},"end":{"line":9,"column":18}},"loc":{"start":{"line":9,"column":65},"end":{"line":22,"column":null}},"line":9}},"branchMap":{"0":{"loc":{"start":{"line":10,"column":4},"end":{"line":16,"column":null}},"type":"if","locations":[{"start":{"line":10,"column":4},"end":{"line":16,"column":null}},{"start":{},"end":{}}],"line":10}},"s":{"0":3,"1":26,"2":2,"3":24},"f":{"0":26},"b":{"0":[2,24]},"meta":{"lastBranch":1,"lastFunction":1,"lastStatement":4,"seen":{"s:9:17:22:Infinity":0,"f:9:17:9:18":0,"b:10:4:16:Infinity:undefined:undefined:undefined:undefined":0,"s:10:4:16:Infinity":1,"s:11:8:14:Infinity":2,"s:17:4:20:Infinity":3}}}
,"/home/codeelisa/atlas-music-player/src/components/CurrentlyPlaying.tsx": {"path":"/home/codeelisa/atlas-music-player/src/components/CurrentlyPlaying.tsx","statementMap":{"0":{"start":{"line":23,"column":25},"end":{"line":60,"column":null}},"1":{"start":{"line":39,"column":4},"end":{"line":58,"column":null}}},"fnMap":{"0":{"name":"(anonymous_0)","decl":{"start":{"line":23,"column":25},"end":{"line":23,"column":26}},"loc":{"start":{"line":38,"column":29},"end":{"line":60,"column":null}},"line":38}},"branchMap":{"0":{"loc":{"start":{"line":27,"column":4},"end":{"line":27,"column":null}},"type":"default-arg","locations":[{"start":{"line":27,"column":14},"end":{"line":27,"column":null}}],"line":27},"1":{"loc":{"start":{"line":37,"column":4},"end":{"line":37,"column":null}},"type":"default-arg","locations":[{"start":{"line":37,"column":18},"end":{"line":37,"column":null}}],"line":37},"2":{"loc":{"start":{"line":41,"column":29},"end":{"line":41,"column":42}},"type":"binary-expr","locations":[{"start":{"line":41,"column":29},"end":{"line":41,"column":38}},{"start":{"line":41,"column":38},"end":{"line":41,"column":42}}],"line":41},"3":{"loc":{"start":{"line":43,"column":23},"end":{"line":43,"column":null}},"type":"binary-expr","locations":[{"start":{"line":43,"column":23},"end":{"line":43,"column":32}},{"start":{"line":43,"column":32},"end":{"line":43,"column":null}}],"line":43},"4":{"loc":{"start":{"line":44,"column":24},"end":{"line":44,"column":null}},"type":"binary-expr","locations":[{"start":{"line":44,"column":24},"end":{"line":44,"column":34}},{"start":{"line":44,"column":34},"end":{"line":44,"column":null}}],"line":44}},"s":{"0":2,"1":24},"f":{"0":24},"b":{"0":[24],"1":[24],"2":[24,1],"3":[24,1],"4":[24,1]},"meta":{"lastBranch":5,"lastFunction":1,"lastStatement":2,"seen":{"s:23:25:60:Infinity":0,"f:23:25:23:26":0,"b:27:14:27:Infinity":0,"b:37:18:37:Infinity":1,"s:39:4:58:Infinity":1,"b:41:29:41:38:41:38:41:42":2,"b:43:23:43:32:43:32:43:Infinity":3,"b:44:24:44:34:44:34:44:Infinity":4}}}
,"/home/codeelisa/atlas-music-player/src/components/LoadingSkeleton.tsx": {"path":"/home/codeelisa/atlas-music-player/src/components/LoadingSkeleton.tsx","statementMap":{"0":{"start":{"line":2,"column":4},"end":{"line":46,"column":null}}},"fnMap":{"0":{"name":"LoadingSkeleton","decl":{"start":{"line":1,"column":24},"end":{"line":1,"column":42}},"loc":{"start":{"line":1,"column":42},"end":{"line":48,"column":null}},"line":1}},"branchMap":{},"s":{"0":6},"f":{"0":6},"b":{},"meta":{"lastBranch":0,"lastFunction":1,"lastStatement":1,"seen":{"f:1:24:1:42":0,"s:2:4:46:Infinity":0}}}
,"/home/codeelisa/atlas-music-player/src/components/MusicPlayer.tsx": {"path":"/home/codeelisa/atlas-music-player/src/components/MusicPlayer.tsx","statementMap":{"0":{"start":{"line":17,"column":30},"end":{"line":244,"column":null}},"1":{"start":{"line":18,"column":28},"end":{"line":18,"column":null}},"2":{"start":{"line":19,"column":34},"end":{"line":19,"column":null}},"3":{"start":{"line":20,"column":32},"end":{"line":20,"column":null}},"4":{"start":{"line":21,"column":26},"end":{"line":21,"column":null}},"5":{"start":{"line":22,"column":38},"end":{"line":22,"column":null}},"6":{"start":{"line":23,"column":38},"end":{"line":23,"column":null}},"7":{"start":{"line":24,"column":34},"end":{"line":24,"column":null}},"8":{"start":{"line":25,"column":42},"end":{"line":25,"column":null}},"9":{"start":{"line":26,"column":10},"end":{"line":26,"column":null}},"10":{"start":{"line":29,"column":27},"end":{"line":33,"column":null}},"11":{"start":{"line":30,"column":24},"end":{"line":30,"column":null}},"12":{"start":{"line":31,"column":33},"end":{"line":31,"column":null}},"13":{"start":{"line":32,"column":8},"end":{"line":32,"column":null}},"14":{"start":{"line":36,"column":4},"end":{"line":42,"column":null}},"15":{"start":{"line":37,"column":8},"end":{"line":41,"column":null}},"16":{"start":{"line":38,"column":12},"end":{"line":38,"column":null}},"17":{"start":{"line":39,"column":12},"end":{"line":39,"column":null}},"18":{"start":{"line":40,"column":12},"end":{"line":40,"column":null}},"19":{"start":{"line":45,"column":4},"end":{"line":50,"column":null}},"20":{"start":{"line":46,"column":8},"end":{"line":49,"column":null}},"21":{"start":{"line":47,"column":12},"end":{"line":47,"column":null}},"22":{"start":{"line":48,"column":12},"end":{"line":48,"column":null}},"23":{"start":{"line":53,"column":4},"end":{"line":58,"column":null}},"24":{"start":{"line":54,"column":8},"end":{"line":57,"column":null}},"25":{"start":{"line":55,"column":12},"end":{"line":55,"column":null}},"26":{"start":{"line":56,"column":12},"end":{"line":56,"column":null}},"27":{"start":{"line":60,"column":28},"end":{"line":68,"column":null}},"28":{"start":{"line":61,"column":8},"end":{"line":61,"column":null}},"29":{"start":{"line":61,"column":53},"end":{"line":61,"column":null}},"30":{"start":{"line":63,"column":8},"end":{"line":67,"column":null}},"31":{"start":{"line":64,"column":12},"end":{"line":64,"column":null}},"32":{"start":{"line":66,"column":12},"end":{"line":66,"column":null}},"33":{"start":{"line":70,"column":4},"end":{"line":103,"column":null}},"34":{"start":{"line":71,"column":30},"end":{"line":100,"column":null}},"35":{"start":{"line":72,"column":12},"end":{"line":99,"column":null}},"36":{"start":{"line":73,"column":33},"end":{"line":73,"column":null}},"37":{"start":{"line":74,"column":16},"end":{"line":76,"column":null}},"38":{"start":{"line":75,"column":20},"end":{"line":75,"column":null}},"39":{"start":{"line":77,"column":45},"end":{"line":77,"column":null}},"40":{"start":{"line":78,"column":16},"end":{"line":78,"column":null}},"41":{"start":{"line":79,"column":16},"end":{"line":79,"column":null}},"42":{"start":{"line":82,"column":16},"end":{"line":95,"column":null}},"43":{"start":{"line":83,"column":38},"end":{"line":83,"column":null}},"44":{"start":{"line":84,"column":20},"end":{"line":94,"column":null}},"45":{"start":{"line":85,"column":45},"end":{"line":85,"column":null}},"46":{"start":{"line":86,"column":24},"end":{"line":91,"column":null}},"47":{"start":{"line":87,"column":51},"end":{"line":87,"column":null}},"48":{"start":{"line":88,"column":28},"end":{"line":88,"column":null}},"49":{"start":{"line":90,"column":28},"end":{"line":90,"column":null}},"50":{"start":{"line":93,"column":24},"end":{"line":93,"column":null}},"51":{"start":{"line":97,"column":16},"end":{"line":97,"column":null}},"52":{"start":{"line":98,"column":16},"end":{"line":98,"column":null}},"53":{"start":{"line":102,"column":8},"end":{"line":102,"column":null}},"54":{"start":{"line":105,"column":28},"end":{"line":130,"column":null}},"55":{"start":{"line":106,"column":8},"end":{"line":129,"column":null}},"56":{"start":{"line":107,"column":29},"end":{"line":107,"column":null}},"57":{"start":{"line":108,"column":12},"end":{"line":110,"column":null}},"58":{"start":{"line":109,"column":16},"end":{"line":109,"column":null}},"59":{"start":{"line":111,"column":35},"end":{"line":111,"column":null}},"60":{"start":{"line":112,"column":12},"end":{"line":112,"column":null}},"61":{"start":{"line":114,"column":12},"end":{"line":118,"column":null}},"62":{"start":{"line":115,"column":16},"end":{"line":117,"column":null}},"63":{"start":{"line":116,"column":20},"end":{"line":116,"column":null}},"64":{"start":{"line":120,"column":12},"end":{"line":120,"column":null}},"65":{"start":{"line":122,"column":12},"end":{"line":122,"column":null}},"66":{"start":{"line":124,"column":12},"end":{"line":128,"column":null}},"67":{"start":{"line":125,"column":16},"end":{"line":127,"column":null}},"68":{"start":{"line":126,"column":20},"end":{"line":126,"column":null}},"69":{"start":{"line":132,"column":27},"end":{"line":140,"column":null}},"70":{"start":{"line":133,"column":8},"end":{"line":133,"column":null}},"71":{"start":{"line":133,"column":51},"end":{"line":133,"column":null}},"72":{"start":{"line":135,"column":29},"end":{"line":135,"column":null}},"73":{"start":{"line":135,"column":56},"end":{"line":135,"column":82}},"74":{"start":{"line":136,"column":8},"end":{"line":136,"column":null}},"75":{"start":{"line":136,"column":31},"end":{"line":136,"column":null}},"76":{"start":{"line":138,"column":29},"end":{"line":138,"column":null}},"77":{"start":{"line":139,"column":8},"end":{"line":139,"column":null}},"78":{"start":{"line":142,"column":23},"end":{"line":157,"column":null}},"79":{"start":{"line":143,"column":8},"end":{"line":143,"column":null}},"80":{"start":{"line":143,"column":51},"end":{"line":143,"column":null}},"81":{"start":{"line":145,"column":8},"end":{"line":156,"column":null}},"82":{"start":{"line":147,"column":31},"end":{"line":147,"column":null}},"83":{"start":{"line":148,"column":12},"end":{"line":148,"column":null}},"84":{"start":{"line":151,"column":33},"end":{"line":151,"column":null}},"85":{"start":{"line":151,"column":60},"end":{"line":151,"column":86}},"86":{"start":{"line":152,"column":12},"end":{"line":152,"column":null}},"87":{"start":{"line":152,"column":53},"end":{"line":152,"column":null}},"88":{"start":{"line":154,"column":29},"end":{"line":154,"column":null}},"89":{"start":{"line":155,"column":12},"end":{"line":155,"column":null}},"90":{"start":{"line":159,"column":26},"end":{"line":170,"column":null}},"91":{"start":{"line":160,"column":8},"end":{"line":160,"column":null}},"92":{"start":{"line":160,"column":51},"end":{"line":160,"column":null}},"93":{"start":{"line":163,"column":8},"end":{"line":163,"column":null}},"94":{"start":{"line":166,"column":8},"end":{"line":169,"column":null}},"95":{"start":{"line":167,"column":31},"end":{"line":167,"column":null}},"96":{"start":{"line":168,"column":12},"end":{"line":168,"column":null}},"97":{"start":{"line":172,"column":4},"end":{"line":172,"column":null}},"98":{"start":{"line":172,"column":19},"end":{"line":172,"column":null}},"99":{"start":{"line":174,"column":4},"end":{"line":183,"column":null}},"100":{"start":{"line":175,"column":8},"end":{"line":181,"column":null}},"101":{"start":{"line":185,"column":4},"end":{"line":242,"column":null}},"102":{"start":{"line":190,"column":30},"end":{"line":190,"column":null}},"103":{"start":{"line":191,"column":31},"end":{"line":191,"column":null}},"104":{"start":{"line":193,"column":20},"end":{"line":193,"column":null}},"105":{"start":{"line":195,"column":20},"end":{"line":200,"column":null}},"106":{"start":{"line":196,"column":43},"end":{"line":196,"column":null}},"107":{"start":{"line":197,"column":24},"end":{"line":197,"column":null}},"108":{"start":{"line":199,"column":24},"end":{"line":199,"column":null}},"109":{"start":{"line":230,"column":24},"end":{"line":238,"column":null}},"110":{"start":{"line":236,"column":43},"end":{"line":236,"column":null}}},"fnMap":{"0":{"name":"(anonymous_0)","decl":{"start":{"line":17,"column":30},"end":{"line":17,"column":36}},"loc":{"start":{"line":17,"column":36},"end":{"line":244,"column":null}},"line":17},"1":{"name":"(anonymous_1)","decl":{"start":{"line":29,"column":27},"end":{"line":29,"column":28}},"loc":{"start":{"line":29,"column":56},"end":{"line":33,"column":null}},"line":29},"2":{"name":"(anonymous_2)","decl":{"start":{"line":36,"column":14},"end":{"line":36,"column":20}},"loc":{"start":{"line":36,"column":20},"end":{"line":42,"column":7}},"line":36},"3":{"name":"(anonymous_3)","decl":{"start":{"line":45,"column":14},"end":{"line":45,"column":20}},"loc":{"start":{"line":45,"column":20},"end":{"line":50,"column":7}},"line":45},"4":{"name":"(anonymous_4)","decl":{"start":{"line":53,"column":14},"end":{"line":53,"column":20}},"loc":{"start":{"line":53,"column":20},"end":{"line":58,"column":7}},"line":53},"5":{"name":"(anonymous_5)","decl":{"start":{"line":60,"column":28},"end":{"line":60,"column":34}},"loc":{"start":{"line":60,"column":34},"end":{"line":68,"column":null}},"line":60},"6":{"name":"(anonymous_6)","decl":{"start":{"line":70,"column":14},"end":{"line":70,"column":20}},"loc":{"start":{"line":70,"column":20},"end":{"line":103,"column":7}},"line":70},"7":{"name":"(anonymous_7)","decl":{"start":{"line":71,"column":30},"end":{"line":71,"column":42}},"loc":{"start":{"line":71,"column":42},"end":{"line":100,"column":null}},"line":71},"8":{"name":"(anonymous_8)","decl":{"start":{"line":105,"column":28},"end":{"line":105,"column":35}},"loc":{"start":{"line":105,"column":50},"end":{"line":130,"column":null}},"line":105},"9":{"name":"(anonymous_9)","decl":{"start":{"line":114,"column":23},"end":{"line":114,"column":29}},"loc":{"start":{"line":114,"column":29},"end":{"line":118,"column":15}},"line":114},"10":{"name":"(anonymous_10)","decl":{"start":{"line":124,"column":23},"end":{"line":124,"column":29}},"loc":{"start":{"line":124,"column":29},"end":{"line":128,"column":15}},"line":124},"11":{"name":"(anonymous_11)","decl":{"start":{"line":132,"column":27},"end":{"line":132,"column":39}},"loc":{"start":{"line":132,"column":39},"end":{"line":140,"column":null}},"line":132},"12":{"name":"(anonymous_12)","decl":{"start":{"line":135,"column":48},"end":{"line":135,"column":56}},"loc":{"start":{"line":135,"column":56},"end":{"line":135,"column":82}},"line":135},"13":{"name":"(anonymous_13)","decl":{"start":{"line":142,"column":23},"end":{"line":142,"column":35}},"loc":{"start":{"line":142,"column":35},"end":{"line":157,"column":null}},"line":142},"14":{"name":"(anonymous_14)","decl":{"start":{"line":151,"column":52},"end":{"line":151,"column":60}},"loc":{"start":{"line":151,"column":60},"end":{"line":151,"column":86}},"line":151},"15":{"name":"(anonymous_15)","decl":{"start":{"line":159,"column":26},"end":{"line":159,"column":38}},"loc":{"start":{"line":159,"column":38},"end":{"line":170,"column":null}},"line":159},"16":{"name":"(anonymous_16)","decl":{"start":{"line":190,"column":24},"end":{"line":190,"column":30}},"loc":{"start":{"line":190,"column":30},"end":{"line":190,"column":null}},"line":190},"17":{"name":"(anonymous_17)","decl":{"start":{"line":191,"column":25},"end":{"line":191,"column":31}},"loc":{"start":{"line":191,"column":31},"end":{"line":191,"column":null}},"line":191},"18":{"name":"(anonymous_18)","decl":{"start":{"line":192,"column":25},"end":{"line":192,"column":31}},"loc":{"start":{"line":192,"column":31},"end":{"line":201,"column":null}},"line":192},"19":{"name":"(anonymous_19)","decl":{"start":{"line":229,"column":34},"end":{"line":229,"column":35}},"loc":{"start":{"line":230,"column":24},"end":{"line":238,"column":null}},"line":230},"20":{"name":"(anonymous_20)","decl":{"start":{"line":236,"column":37},"end":{"line":236,"column":43}},"loc":{"start":{"line":236,"column":43},"end":{"line":236,"column":null}},"line":236}},"branchMap":{"0":{"loc":{"start":{"line":37,"column":8},"end":{"line":41,"column":null}},"type":"if","locations":[{"start":{"line":37,"column":8},"end":{"line":41,"column":null}},{"start":{},"end":{}}],"line":37},"1":{"loc":{"start":{"line":37,"column":12},"end":{"line":37,"column":51}},"type":"binary-expr","locations":[{"start":{"line":37,"column":12},"end":{"line":37,"column":32}},{"start":{"line":37,"column":32},"end":{"line":37,"column":51}}],"line":37},"2":{"loc":{"start":{"line":46,"column":8},"end":{"line":49,"column":null}},"type":"if","locations":[{"start":{"line":46,"column":8},"end":{"line":49,"column":null}},{"start":{},"end":{}}],"line":46},"3":{"loc":{"start":{"line":54,"column":8},"end":{"line":57,"column":null}},"type":"if","locations":[{"start":{"line":54,"column":8},"end":{"line":57,"column":null}},{"start":{},"end":{}}],"line":54},"4":{"loc":{"start":{"line":61,"column":8},"end":{"line":61,"column":null}},"type":"if","locations":[{"start":{"line":61,"column":8},"end":{"line":61,"column":null}},{"start":{},"end":{}}],"line":61},"5":{"loc":{"start":{"line":61,"column":12},"end":{"line":61,"column":53}},"type":"binary-expr","locations":[{"start":{"line":61,"column":12},"end":{"line":61,"column":33}},{"start":{"line":61,"column":33},"end":{"line":61,"column":53}}],"line":61},"6":{"loc":{"start":{"line":63,"column":8},"end":{"line":67,"column":null}},"type":"if","locations":[{"start":{"line":63,"column":8},"end":{"line":67,"column":null}},{"start":{"line":65,"column":15},"end":{"line":67,"column":null}}],"line":63},"7":{"loc":{"start":{"line":74,"column":16},"end":{"line":76,"column":null}},"type":"if","locations":[{"start":{"line":74,"column":16},"end":{"line":76,"column":null}},{"start":{},"end":{}}],"line":74},"8":{"loc":{"start":{"line":82,"column":16},"end":{"line":95,"column":null}},"type":"if","locations":[{"start":{"line":82,"column":16},"end":{"line":95,"column":null}},{"start":{},"end":{}}],"line":82},"9":{"loc":{"start":{"line":86,"column":24},"end":{"line":91,"column":null}},"type":"if","locations":[{"start":{"line":86,"column":24},"end":{"line":91,"column":null}},{"start":{"line":89,"column":31},"end":{"line":91,"column":null}}],"line":86},"10":{"loc":{"start":{"line":97,"column":25},"end":{"line":97,"column":92}},"type":"cond-expr","locations":[{"start":{"line":97,"column":50},"end":{"line":97,"column":66}},{"start":{"line":97,"column":66},"end":{"line":97,"column":92}}],"line":97},"11":{"loc":{"start":{"line":108,"column":12},"end":{"line":110,"column":null}},"type":"if","locations":[{"start":{"line":108,"column":12},"end":{"line":110,"column":null}},{"start":{},"end":{}}],"line":108},"12":{"loc":{"start":{"line":115,"column":16},"end":{"line":117,"column":null}},"type":"if","locations":[{"start":{"line":115,"column":16},"end":{"line":117,"column":null}},{"start":{},"end":{}}],"line":115},"13":{"loc":{"start":{"line":125,"column":16},"end":{"line":127,"column":null}},"type":"if","locations":[{"start":{"line":125,"column":16},"end":{"line":127,"column":null}},{"start":{},"end":{}}],"line":125},"14":{"loc":{"start":{"line":133,"column":8},"end":{"line":133,"column":null}},"type":"if","locations":[{"start":{"line":133,"column":8},"end":{"line":133,"column":null}},{"start":{},"end":{}}],"line":133},"15":{"loc":{"start":{"line":133,"column":12},"end":{"line":133,"column":51}},"type":"binary-expr","locations":[{"start":{"line":133,"column":12},"end":{"line":133,"column":28}},{"start":{"line":133,"column":28},"end":{"line":133,"column":51}}],"line":133},"16":{"loc":{"start":{"line":136,"column":8},"end":{"line":136,"column":null}},"type":"if","locations":[{"start":{"line":136,"column":8},"end":{"line":136,"column":null}},{"start":{},"end":{}}],"line":136},"17":{"loc":{"start":{"line":143,"column":8},"end":{"line":143,"column":null}},"type":"if","locations":[{"start":{"line":143,"column":8},"end":{"line":143,"column":null}},{"start":{},"end":{}}],"line":143},"18":{"loc":{"start":{"line":143,"column":12},"end":{"line":143,"column":51}},"type":"binary-expr","locations":[{"start":{"line":143,"column":12},"end":{"line":143,"column":28}},{"start":{"line":143,"column":28},"end":{"line":143,"column":51}}],"line":143},"19":{"loc":{"start":{"line":145,"column":8},"end":{"line":156,"column":null}},"type":"if","locations":[{"start":{"line":145,"column":8},"end":{"line":156,"column":null}},{"start":{"line":149,"column":15},"end":{"line":156,"column":null}}],"line":145},"20":{"loc":{"start":{"line":152,"column":12},"end":{"line":152,"column":null}},"type":"if","locations":[{"start":{"line":152,"column":12},"end":{"line":152,"column":null}},{"start":{},"end":{}}],"line":152},"21":{"loc":{"start":{"line":160,"column":8},"end":{"line":160,"column":null}},"type":"if","locations":[{"start":{"line":160,"column":8},"end":{"line":160,"column":null}},{"start":{},"end":{}}],"line":160},"22":{"loc":{"start":{"line":160,"column":12},"end":{"line":160,"column":51}},"type":"binary-expr","locations":[{"start":{"line":160,"column":12},"end":{"line":160,"column":28}},{"start":{"line":160,"column":28},"end":{"line":160,"column":51}}],"line":160},"23":{"loc":{"start":{"line":166,"column":8},"end":{"line":169,"column":null}},"type":"if","locations":[{"start":{"line":166,"column":8},"end":{"line":169,"column":null}},{"start":{},"end":{}}],"line":166},"24":{"loc":{"start":{"line":172,"column":4},"end":{"line":172,"column":null}},"type":"if","locations":[{"start":{"line":172,"column":4},"end":{"line":172,"column":null}},{"start":{},"end":{}}],"line":172},"25":{"loc":{"start":{"line":174,"column":4},"end":{"line":183,"column":null}},"type":"if","locations":[{"start":{"line":174,"column":4},"end":{"line":183,"column":null}},{"start":{},"end":{}}],"line":174},"26":{"loc":{"start":{"line":195,"column":20},"end":{"line":200,"column":null}},"type":"if","locations":[{"start":{"line":195,"column":20},"end":{"line":200,"column":null}},{"start":{"line":198,"column":27},"end":{"line":200,"column":null}}],"line":195}},"s":{"0":1,"1":25,"2":25,"3":25,"4":25,"5":25,"6":25,"7":25,"8":25,"9":25,"10":25,"11":57,"12":57,"13":57,"14":25,"15":15,"16":9,"17":9,"18":9,"19":25,"20":6,"21":0,"22":0,"23":25,"24":10,"25":4,"26":4,"27":25,"28":3,"29":0,"30":3,"31":1,"32":2,"33":25,"34":6,"35":6,"36":6,"37":6,"38":0,"39":6,"40":6,"41":6,"42":6,"43":6,"44":6,"45":6,"46":6,"47":6,"48":6,"49":0,"50":0,"51":0,"52":0,"53":6,"54":25,"55":4,"56":4,"57":4,"58":0,"59":4,"60":4,"61":4,"62":4,"63":3,"64":0,"65":0,"66":0,"67":0,"68":0,"69":25,"70":1,"71":0,"72":1,"73":2,"74":1,"75":0,"76":1,"77":1,"78":25,"79":2,"80":0,"81":2,"82":0,"83":0,"84":2,"85":2,"86":2,"87":0,"88":2,"89":2,"90":25,"91":0,"92":0,"93":0,"94":0,"95":0,"96":0,"97":25,"98":6,"99":19,"100":0,"101":19,"102":5,"103":1,"104":0,"105":0,"106":0,"107":0,"108":0,"109":57,"110":1},"f":{"0":25,"1":57,"2":15,"3":6,"4":10,"5":3,"6":6,"7":6,"8":4,"9":4,"10":0,"11":1,"12":2,"13":2,"14":2,"15":0,"16":5,"17":1,"18":0,"19":57,"20":1},"b":{"0":[9,6],"1":[15,9],"2":[0,6],"3":[4,6],"4":[0,3],"5":[3,3],"6":[1,2],"7":[0,6],"8":[6,0],"9":[6,0],"10":[0,0],"11":[0,4],"12":[3,1],"13":[0,0],"14":[0,1],"15":[1,1],"16":[0,1],"17":[0,2],"18":[2,2],"19":[0,2],"20":[0,2],"21":[0,0],"22":[0,0],"23":[0,0],"24":[6,19],"25":[0,19],"26":[0,0]},"meta":{"lastBranch":27,"lastFunction":21,"lastStatement":111,"seen":{"s:17:30:244:Infinity":0,"f:17:30:17:36":0,"s:18:28:18:Infinity":1,"s:19:34:19:Infinity":2,"s:20:32:20:Infinity":3,"s:21:26:21:Infinity":4,"s:22:38:22:Infinity":5,"s:23:38:23:Infinity":6,"s:24:34:24:Infinity":7,"s:25:42:25:Infinity":8,"s:26:10:26:Infinity":9,"s:29:27:33:Infinity":10,"f:29:27:29:28":1,"s:30:24:30:Infinity":11,"s:31:33:31:Infinity":12,"s:32:8:32:Infinity":13,"s:36:4:42:Infinity":14,"f:36:14:36:20":2,"b:37:8:41:Infinity:undefined:undefined:undefined:undefined":0,"s:37:8:41:Infinity":15,"b:37:12:37:32:37:32:37:51":1,"s:38:12:38:Infinity":16,"s:39:12:39:Infinity":17,"s:40:12:40:Infinity":18,"s:45:4:50:Infinity":19,"f:45:14:45:20":3,"b:46:8:49:Infinity:undefined:undefined:undefined:undefined":2,"s:46:8:49:Infinity":20,"s:47:12:47:Infinity":21,"s:48:12:48:Infinity":22,"s:53:4:58:Infinity":23,"f:53:14:53:20":4,"b:54:8:57:Infinity:undefined:undefined:undefined:undefined":3,"s:54:8:57:Infinity":24,"s:55:12:55:Infinity":25,"s:56:12:56:Infinity":26,"s:60:28:68:Infinity":27,"f:60:28:60:34":5,"b:61:8:61:Infinity:undefined:undefined:undefined:undefined":4,"s:61:8:61:Infinity":28,"b:61:12:61:33:61:33:61:53":5,"s:61:53:61:Infinity":29,"b:63:8:67:Infinity:65:15:67:Infinity":6,"s:63:8:67:Infinity":30,"s:64:12:64:Infinity":31,"s:66:12:66:Infinity":32,"s:70:4:103:Infinity":33,"f:70:14:70:20":6,"s:71:30:100:Infinity":34,"f:71:30:71:42":7,"s:72:12:99:Infinity":35,"s:73:33:73:Infinity":36,"b:74:16:76:Infinity:undefined:undefined:undefined:undefined":7,"s:74:16:76:Infinity":37,"s:75:20:75:Infinity":38,"s:77:45:77:Infinity":39,"s:78:16:78:Infinity":40,"s:79:16:79:Infinity":41,"b:82:16:95:Infinity:undefined:undefined:undefined:undefined":8,"s:82:16:95:Infinity":42,"s:83:38:83:Infinity":43,"s:84:20:94:Infinity":44,"s:85:45:85:Infinity":45,"b:86:24:91:Infinity:89:31:91:Infinity":9,"s:86:24:91:Infinity":46,"s:87:51:87:Infinity":47,"s:88:28:88:Infinity":48,"s:90:28:90:Infinity":49,"s:93:24:93:Infinity":50,"s:97:16:97:Infinity":51,"b:97:50:97:66:97:66:97:92":10,"s:98:16:98:Infinity":52,"s:102:8:102:Infinity":53,"s:105:28:130:Infinity":54,"f:105:28:105:35":8,"s:106:8:129:Infinity":55,"s:107:29:107:Infinity":56,"b:108:12:110:Infinity:undefined:undefined:undefined:undefined":11,"s:108:12:110:Infinity":57,"s:109:16:109:Infinity":58,"s:111:35:111:Infinity":59,"s:112:12:112:Infinity":60,"s:114:12:118:Infinity":61,"f:114:23:114:29":9,"b:115:16:117:Infinity:undefined:undefined:undefined:undefined":12,"s:115:16:117:Infinity":62,"s:116:20:116:Infinity":63,"s:120:12:120:Infinity":64,"s:122:12:122:Infinity":65,"s:124:12:128:Infinity":66,"f:124:23:124:29":10,"b:125:16:127:Infinity:undefined:undefined:undefined:undefined":13,"s:125:16:127:Infinity":67,"s:126:20:126:Infinity":68,"s:132:27:140:Infinity":69,"f:132:27:132:39":11,"b:133:8:133:Infinity:undefined:undefined:undefined:undefined":14,"s:133:8:133:Infinity":70,"b:133:12:133:28:133:28:133:51":15,"s:133:51:133:Infinity":71,"s:135:29:135:Infinity":72,"f:135:48:135:56":12,"s:135:56:135:82":73,"b:136:8:136:Infinity:undefined:undefined:undefined:undefined":16,"s:136:8:136:Infinity":74,"s:136:31:136:Infinity":75,"s:138:29:138:Infinity":76,"s:139:8:139:Infinity":77,"s:142:23:157:Infinity":78,"f:142:23:142:35":13,"b:143:8:143:Infinity:undefined:undefined:undefined:undefined":17,"s:143:8:143:Infinity":79,"b:143:12:143:28:143:28:143:51":18,"s:143:51:143:Infinity":80,"b:145:8:156:Infinity:149:15:156:Infinity":19,"s:145:8:156:Infinity":81,"s:147:31:147:Infinity":82,"s:148:12:148:Infinity":83,"s:151:33:151:Infinity":84,"f:151:52:151:60":14,"s:151:60:151:86":85,"b:152:12:152:Infinity:undefined:undefined:undefined:undefined":20,"s:152:12:152:Infinity":86,"s:152:53:152:Infinity":87,"s:154:29:154:Infinity":88,"s:155:12:155:Infinity":89,"s:159:26:170:Infinity":90,"f:159:26:159:38":15,"b:160:8:160:Infinity:undefined:undefined:undefined:undefined":21,"s:160:8:160:Infinity":91,"b:160:12:160:28:160:28:160:51":22,"s:160:51:160:Infinity":92,"s:163:8:163:Infinity":93,"b:166:8:169:Infinity:undefined:undefined:undefined:undefined":23,"s:166:8:169:Infinity":94,"s:167:31:167:Infinity":95,"s:168:12:168:Infinity":96,"b:172:4:172:Infinity:undefined:undefined:undefined:undefined":24,"s:172:4:172:Infinity":97,"s:172:19:172:Infinity":98,"b:174:4:183:Infinity:undefined:undefined:undefined:undefined":25,"s:174:4:183:Infinity":99,"s:175:8:181:Infinity":100,"s:185:4:242:Infinity":101,"f:190:24:190:30":16,"s:190:30:190:Infinity":102,"f:191:25:191:31":17,"s:191:31:191:Infinity":103,"f:192:25:192:31":18,"s:193:20:193:Infinity":104,"b:195:20:200:Infinity:198:27:200:Infinity":26,"s:195:20:200:Infinity":105,"s:196:43:196:Infinity":106,"s:197:24:197:Infinity":107,"s:199:24:199:Infinity":108,"f:229:34:229:35":19,"s:230:24:238:Infinity":109,"f:236:37:236:43":20,"s:236:43:236:Infinity":110}}}
,"/home/codeelisa/atlas-music-player/src/components/PlayControls.tsx": {"path":"/home/codeelisa/atlas-music-player/src/components/PlayControls.tsx","statementMap":{"0":{"start":{"line":17,"column":18},"end":{"line":17,"column":null}},"1":{"start":{"line":20,"column":21},"end":{"line":143,"column":null}},"2":{"start":{"line":31,"column":28},"end":{"line":44,"column":null}},"3":{"start":{"line":32,"column":8},"end":{"line":32,"column":null}},"4":{"start":{"line":33,"column":8},"end":{"line":33,"column":null}},"5":{"start":{"line":34,"column":8},"end":{"line":34,"column":null}},"6":{"start":{"line":36,"column":8},"end":{"line":39,"column":null}},"7":{"start":{"line":37,"column":12},"end":{"line":37,"column":null}},"8":{"start":{"line":38,"column":12},"end":{"line":38,"column":null}},"9":{"start":{"line":41,"column":8},"end":{"line":43,"column":null}},"10":{"start":{"line":42,"column":12},"end":{"line":42,"column":null}},"11":{"start":{"line":46,"column":42},"end":{"line":46,"column":null}},"12":{"start":{"line":48,"column":24},"end":{"line":59,"column":null}},"13":{"start":{"line":49,"column":23},"end":{"line":49,"column":null}},"14":{"start":{"line":50,"column":29},"end":{"line":50,"column":null}},"15":{"start":{"line":51,"column":14},"end":{"line":51,"column":null}},"16":{"start":{"line":52,"column":25},"end":{"line":52,"column":null}},"17":{"start":{"line":54,"column":8},"end":{"line":54,"column":null}},"18":{"start":{"line":55,"column":8},"end":{"line":57,"column":null}},"19":{"start":{"line":56,"column":12},"end":{"line":56,"column":null}},"20":{"start":{"line":58,"column":8},"end":{"line":58,"column":null}},"21":{"start":{"line":61,"column":27},"end":{"line":65,"column":null}},"22":{"start":{"line":62,"column":8},"end":{"line":64,"column":null}},"23":{"start":{"line":63,"column":12},"end":{"line":63,"column":null}},"24":{"start":{"line":67,"column":23},"end":{"line":71,"column":null}},"25":{"start":{"line":68,"column":8},"end":{"line":70,"column":null}},"26":{"start":{"line":69,"column":12},"end":{"line":69,"column":null}},"27":{"start":{"line":73,"column":26},"end":{"line":77,"column":null}},"28":{"start":{"line":74,"column":8},"end":{"line":76,"column":null}},"29":{"start":{"line":75,"column":12},"end":{"line":75,"column":null}},"30":{"start":{"line":79,"column":4},"end":{"line":141,"column":null}},"31":{"start":{"line":100,"column":20},"end":{"line":100,"column":null}},"32":{"start":{"line":101,"column":20},"end":{"line":101,"column":null}}},"fnMap":{"0":{"name":"(anonymous_0)","decl":{"start":{"line":20,"column":21},"end":{"line":20,"column":22}},"loc":{"start":{"line":29,"column":25},"end":{"line":143,"column":null}},"line":29},"1":{"name":"(anonymous_1)","decl":{"start":{"line":31,"column":28},"end":{"line":31,"column":34}},"loc":{"start":{"line":31,"column":34},"end":{"line":44,"column":null}},"line":31},"2":{"name":"(anonymous_2)","decl":{"start":{"line":48,"column":24},"end":{"line":48,"column":30}},"loc":{"start":{"line":48,"column":30},"end":{"line":59,"column":null}},"line":48},"3":{"name":"(anonymous_3)","decl":{"start":{"line":61,"column":27},"end":{"line":61,"column":33}},"loc":{"start":{"line":61,"column":33},"end":{"line":65,"column":null}},"line":61},"4":{"name":"(anonymous_4)","decl":{"start":{"line":67,"column":23},"end":{"line":67,"column":29}},"loc":{"start":{"line":67,"column":29},"end":{"line":71,"column":null}},"line":67},"5":{"name":"(anonymous_5)","decl":{"start":{"line":73,"column":26},"end":{"line":73,"column":32}},"loc":{"start":{"line":73,"column":32},"end":{"line":77,"column":null}},"line":73},"6":{"name":"(anonymous_6)","decl":{"start":{"line":99,"column":25},"end":{"line":99,"column":31}},"loc":{"start":{"line":99,"column":31},"end":{"line":102,"column":null}},"line":99}},"branchMap":{"0":{"loc":{"start":{"line":25,"column":4},"end":{"line":25,"column":null}},"type":"default-arg","locations":[{"start":{"line":25,"column":18},"end":{"line":25,"column":null}}],"line":25},"1":{"loc":{"start":{"line":26,"column":4},"end":{"line":26,"column":null}},"type":"default-arg","locations":[{"start":{"line":26,"column":16},"end":{"line":26,"column":null}}],"line":26},"2":{"loc":{"start":{"line":36,"column":8},"end":{"line":39,"column":null}},"type":"if","locations":[{"start":{"line":36,"column":8},"end":{"line":39,"column":null}},{"start":{},"end":{}}],"line":36},"3":{"loc":{"start":{"line":41,"column":8},"end":{"line":43,"column":null}},"type":"if","locations":[{"start":{"line":41,"column":8},"end":{"line":43,"column":null}},{"start":{},"end":{}}],"line":41},"4":{"loc":{"start":{"line":55,"column":8},"end":{"line":57,"column":null}},"type":"if","locations":[{"start":{"line":55,"column":8},"end":{"line":57,"column":null}},{"start":{},"end":{}}],"line":55},"5":{"loc":{"start":{"line":62,"column":8},"end":{"line":64,"column":null}},"type":"if","locations":[{"start":{"line":62,"column":8},"end":{"line":64,"column":null}},{"start":{},"end":{}}],"line":62},"6":{"loc":{"start":{"line":68,"column":8},"end":{"line":70,"column":null}},"type":"if","locations":[{"start":{"line":68,"column":8},"end":{"line":70,"column":null}},{"start":{},"end":{}}],"line":68},"7":{"loc":{"start":{"line":74,"column":8},"end":{"line":76,"column":null}},"type":"if","locations":[{"start":{"line":74,"column":8},"end":{"line":76,"column":null}},{"start":{},"end":{}}],"line":74},"8":{"loc":{"start":{"line":110,"column":21},"end":{"line":118,"column":null}},"type":"cond-expr","locations":[{"start":{"line":112,"column":24},"end":{"line":115,"column":null}},{"start":{"line":118,"column":24},"end":{"line":118,"column":null}}],"line":110},"9":{"loc":{"start":{"line":133,"column":48},"end":{"line":133,"column":107}},"type":"cond-expr","locations":[{"start":{"line":133,"column":62},"end":{"line":133,"column":105}},{"start":{"line":133,"column":105},"end":{"line":133,"column":107}}],"line":133}},"s":{"0":2,"1":2,"2":24,"3":3,"4":3,"5":3,"6":3,"7":0,"8":0,"9":3,"10":3,"11":24,"12":24,"13":4,"14":4,"15":4,"16":4,"17":4,"18":4,"19":4,"20":4,"21":24,"22":1,"23":1,"24":24,"25":2,"26":2,"27":24,"28":0,"29":0,"30":24,"31":3,"32":3},"f":{"0":24,"1":3,"2":4,"3":1,"4":2,"5":0,"6":3},"b":{"0":[24],"1":[24],"2":[0,3],"3":[3,0],"4":[4,0],"5":[1,0],"6":[2,0],"7":[0,0],"8":[6,18],"9":[1,23]},"meta":{"lastBranch":10,"lastFunction":7,"lastStatement":33,"seen":{"s:17:18:17:Infinity":0,"s:20:21:143:Infinity":1,"f:20:21:20:22":0,"b:25:18:25:Infinity":0,"b:26:16:26:Infinity":1,"s:31:28:44:Infinity":2,"f:31:28:31:34":1,"s:32:8:32:Infinity":3,"s:33:8:33:Infinity":4,"s:34:8:34:Infinity":5,"b:36:8:39:Infinity:undefined:undefined:undefined:undefined":2,"s:36:8:39:Infinity":6,"s:37:12:37:Infinity":7,"s:38:12:38:Infinity":8,"b:41:8:43:Infinity:undefined:undefined:undefined:undefined":3,"s:41:8:43:Infinity":9,"s:42:12:42:Infinity":10,"s:46:42:46:Infinity":11,"s:48:24:59:Infinity":12,"f:48:24:48:30":2,"s:49:23:49:Infinity":13,"s:50:29:50:Infinity":14,"s:51:14:51:Infinity":15,"s:52:25:52:Infinity":16,"s:54:8:54:Infinity":17,"b:55:8:57:Infinity:undefined:undefined:undefined:undefined":4,"s:55:8:57:Infinity":18,"s:56:12:56:Infinity":19,"s:58:8:58:Infinity":20,"s:61:27:65:Infinity":21,"f:61:27:61:33":3,"b:62:8:64:Infinity:undefined:undefined:undefined:undefined":5,"s:62:8:64:Infinity":22,"s:63:12:63:Infinity":23,"s:67:23:71:Infinity":24,"f:67:23:67:29":4,"b:68:8:70:Infinity:undefined:undefined:undefined:undefined":6,"s:68:8:70:Infinity":25,"s:69:12:69:Infinity":26,"s:73:26:77:Infinity":27,"f:73:26:73:32":5,"b:74:8:76:Infinity:undefined:undefined:undefined:undefined":7,"s:74:8:76:Infinity":28,"s:75:12:75:Infinity":29,"s:79:4:141:Infinity":30,"f:99:25:99:31":6,"s:100:20:100:Infinity":31,"s:101:20:101:Infinity":32,"b:112:24:115:Infinity:118:24:118:Infinity":8,"b:133:62:133:105:133:105:133:107":9}}}
,"/home/codeelisa/atlas-music-player/src/components/PlayListItem.tsx": {"path":"/home/codeelisa/atlas-music-player/src/components/PlayListItem.tsx","statementMap":{"0":{"start":{"line":11,"column":21},"end":{"line":48,"column":null}},"1":{"start":{"line":12,"column":24},"end":{"line":18,"column":null}},"2":{"start":{"line":13,"column":8},"end":{"line":13,"column":null}},"3":{"start":{"line":14,"column":8},"end":{"line":14,"column":null}},"4":{"start":{"line":15,"column":8},"end":{"line":17,"column":null}},"5":{"start":{"line":16,"column":12},"end":{"line":16,"column":null}},"6":{"start":{"line":20,"column":4},"end":{"line":30,"column":null}},"7":{"start":{"line":21,"column":8},"end":{"line":28,"column":null}},"8":{"start":{"line":32,"column":4},"end":{"line":46,"column":null}}},"fnMap":{"0":{"name":"(anonymous_0)","decl":{"start":{"line":11,"column":21},"end":{"line":11,"column":22}},"loc":{"start":{"line":11,"column":133},"end":{"line":48,"column":null}},"line":11},"1":{"name":"(anonymous_1)","decl":{"start":{"line":12,"column":24},"end":{"line":12,"column":30}},"loc":{"start":{"line":12,"column":30},"end":{"line":18,"column":null}},"line":12}},"branchMap":{"0":{"loc":{"start":{"line":11,"column":47},"end":{"line":11,"column":64}},"type":"default-arg","locations":[{"start":{"line":11,"column":57},"end":{"line":11,"column":64}}],"line":11},"1":{"loc":{"start":{"line":11,"column":64},"end":{"line":11,"column":80}},"type":"default-arg","locations":[{"start":{"line":11,"column":76},"end":{"line":11,"column":80}}],"line":11},"2":{"loc":{"start":{"line":11,"column":89},"end":{"line":11,"column":108}},"type":"default-arg","locations":[{"start":{"line":11,"column":102},"end":{"line":11,"column":108}}],"line":11},"3":{"loc":{"start":{"line":15,"column":8},"end":{"line":17,"column":null}},"type":"if","locations":[{"start":{"line":15,"column":8},"end":{"line":17,"column":null}},{"start":{},"end":{}}],"line":15},"4":{"loc":{"start":{"line":20,"column":4},"end":{"line":30,"column":null}},"type":"if","locations":[{"start":{"line":20,"column":4},"end":{"line":30,"column":null}},{"start":{},"end":{}}],"line":20},"5":{"loc":{"start":{"line":35,"column":17},"end":{"line":35,"column":113}},"type":"cond-expr","locations":[{"start":{"line":35,"column":30},"end":{"line":35,"column":62}},{"start":{"line":35,"column":62},"end":{"line":35,"column":113}}],"line":35}},"s":{"0":2,"1":60,"2":1,"3":1,"4":1,"5":1,"6":60,"7":0,"8":60},"f":{"0":60,"1":1},"b":{"0":[60],"1":[60],"2":[60],"3":[1,0],"4":[0,60],"5":[20,40]},"meta":{"lastBranch":6,"lastFunction":2,"lastStatement":9,"seen":{"s:11:21:48:Infinity":0,"f:11:21:11:22":0,"b:11:57:11:64":0,"b:11:76:11:80":1,"b:11:102:11:108":2,"s:12:24:18:Infinity":1,"f:12:24:12:30":1,"s:13:8:13:Infinity":2,"s:14:8:14:Infinity":3,"b:15:8:17:Infinity:undefined:undefined:undefined:undefined":3,"s:15:8:17:Infinity":4,"s:16:12:16:Infinity":5,"b:20:4:30:Infinity:undefined:undefined:undefined:undefined":4,"s:20:4:30:Infinity":6,"s:21:8:28:Infinity":7,"s:32:4:46:Infinity":8,"b:35:30:35:62:35:62:35:113":5}}}
,"/home/codeelisa/atlas-music-player/src/components/SongTitle.tsx": {"path":"/home/codeelisa/atlas-music-player/src/components/SongTitle.tsx","statementMap":{"0":{"start":{"line":7,"column":18},"end":{"line":13,"column":null}},"1":{"start":{"line":8,"column":4},"end":{"line":13,"column":null}}},"fnMap":{"0":{"name":"(anonymous_0)","decl":{"start":{"line":7,"column":18},"end":{"line":7,"column":19}},"loc":{"start":{"line":8,"column":4},"end":{"line":13,"column":null}},"line":8}},"branchMap":{"0":{"loc":{"start":{"line":7,"column":36},"end":{"line":7,"column":51}},"type":"default-arg","locations":[{"start":{"line":7,"column":48},"end":{"line":7,"column":51}}],"line":7}},"s":{"0":3,"1":27},"f":{"0":27},"b":{"0":[27]},"meta":{"lastBranch":1,"lastFunction":1,"lastStatement":2,"seen":{"s:7:18:13:Infinity":0,"f:7:18:7:19":0,"s:8:4:13:Infinity":1,"b:7:48:7:51":0}}}
,"/home/codeelisa/atlas-music-player/src/components/VolumeControls.tsx": {"path":"/home/codeelisa/atlas-music-player/src/components/VolumeControls.tsx","statementMap":{"0":{"start":{"line":6,"column":23},"end":{"line":28,"column":null}},"1":{"start":{"line":7,"column":4},"end":{"line":28,"column":null}},"2":{"start":{"line":23,"column":33},"end":{"line":23,"column":null}}},"fnMap":{"0":{"name":"(anonymous_0)","decl":{"start":{"line":6,"column":23},"end":{"line":6,"column":24}},"loc":{"start":{"line":7,"column":4},"end":{"line":28,"column":null}},"line":7},"1":{"name":"(anonymous_1)","decl":{"start":{"line":23,"column":26},"end":{"line":23,"column":27}},"loc":{"start":{"line":23,"column":33},"end":{"line":23,"column":null}},"line":23}},"branchMap":{},"s":{"0":3,"1":27,"2":0},"f":{"0":27,"1":0},"b":{},"meta":{"lastBranch":0,"lastFunction":2,"lastStatement":3,"seen":{"s:6:23:28:Infinity":0,"f:6:23:6:24":0,"s:7:4:28:Infinity":1,"f:23:26:23:27":1,"s:23:33:23:Infinity":2}}}
}
